<?xml version="1.0" encoding="UTF-8"?>
<!-- Generated by org.testng.reporters.JUnitXMLReporter -->
<testsuite ignored="0" hostname="DESKTOP-F52EDBA" failures="0" tests="2" name="Default test" time="62.707" errors="0" timestamp="2022-12-02T18:06:43 IST">
  <testcase classname="testNGImplementation.CreateOrganizationUsingDataProviderTest" name="createOrgTest" time="26.105"/>
  <testcase classname="testNGImplementation.CreateOrganizationUsingDataProviderTest" name="createOrgTest" time="11.993"/>
</testsuite> <!-- Default test -->
